[0.901s] Invoking command in '/home/nambiar/mowito/ros_ws/src/camera_processing': PYTHONPATH=/home/nambiar/mowito/ros_ws/build/camera_processing/prefix_override:/usr/lib/python3/dist-packages/colcon_core/task/python/colcon_distutils_commands:/home/nambiar/mowito/ros_ws/install/camera_processing/lib/python3.10/site-packages:${PYTHONPATH} /usr/bin/python3 -W ignore:setup.py install is deprecated -W ignore:easy_install command is deprecated setup.py egg_info --egg-base ../../build/camera_processing build --build-base /home/nambiar/mowito/ros_ws/build/camera_processing/build install --record /home/nambiar/mowito/ros_ws/build/camera_processing/install.log --single-version-externally-managed install_data
[1.240s] running egg_info
[1.241s] writing ../../build/camera_processing/camera_processing.egg-info/PKG-INFO
[1.241s] writing dependency_links to ../../build/camera_processing/camera_processing.egg-info/dependency_links.txt
[1.241s] writing entry points to ../../build/camera_processing/camera_processing.egg-info/entry_points.txt
[1.241s] writing requirements to ../../build/camera_processing/camera_processing.egg-info/requires.txt
[1.242s] writing top-level names to ../../build/camera_processing/camera_processing.egg-info/top_level.txt
[1.244s] reading manifest file '../../build/camera_processing/camera_processing.egg-info/SOURCES.txt'
[1.245s] writing manifest file '../../build/camera_processing/camera_processing.egg-info/SOURCES.txt'
[1.245s] running build
[1.245s] running build_py
[1.245s] copying camera_processing/dummy_usb_cam_node.py -> /home/nambiar/mowito/ros_ws/build/camera_processing/build/lib/camera_processing
[1.246s] running install
[1.246s] running install_lib
[1.247s] copying /home/nambiar/mowito/ros_ws/build/camera_processing/build/lib/camera_processing/dummy_usb_cam_node.py -> /home/nambiar/mowito/ros_ws/install/camera_processing/lib/python3.10/site-packages/camera_processing
[1.248s] byte-compiling /home/nambiar/mowito/ros_ws/install/camera_processing/lib/python3.10/site-packages/camera_processing/dummy_usb_cam_node.py to dummy_usb_cam_node.cpython-310.pyc
[1.249s] running install_data
[1.249s] running install_egg_info
[1.251s] removing '/home/nambiar/mowito/ros_ws/install/camera_processing/lib/python3.10/site-packages/camera_processing-0.0.0-py3.10.egg-info' (and everything under it)
[1.251s] Copying ../../build/camera_processing/camera_processing.egg-info to /home/nambiar/mowito/ros_ws/install/camera_processing/lib/python3.10/site-packages/camera_processing-0.0.0-py3.10.egg-info
[1.252s] running install_scripts
[1.276s] Installing dummy_usb_cam script to /home/nambiar/mowito/ros_ws/install/camera_processing/lib/camera_processing
[1.277s] Installing image_conversion script to /home/nambiar/mowito/ros_ws/install/camera_processing/lib/camera_processing
[1.277s] writing list of installed files to '/home/nambiar/mowito/ros_ws/build/camera_processing/install.log'
[1.305s] Invoked command in '/home/nambiar/mowito/ros_ws/src/camera_processing' returned '0': PYTHONPATH=/home/nambiar/mowito/ros_ws/build/camera_processing/prefix_override:/usr/lib/python3/dist-packages/colcon_core/task/python/colcon_distutils_commands:/home/nambiar/mowito/ros_ws/install/camera_processing/lib/python3.10/site-packages:${PYTHONPATH} /usr/bin/python3 -W ignore:setup.py install is deprecated -W ignore:easy_install command is deprecated setup.py egg_info --egg-base ../../build/camera_processing build --build-base /home/nambiar/mowito/ros_ws/build/camera_processing/build install --record /home/nambiar/mowito/ros_ws/build/camera_processing/install.log --single-version-externally-managed install_data
