/home/citc-26/Desktop/anand/ros2_ws/install/camera_processing/lib/python3.10/site-packages/camera_processing/__init__.py
/home/citc-26/Desktop/anand/ros2_ws/install/camera_processing/lib/python3.10/site-packages/camera_processing/utilities.py
/home/citc-26/Desktop/anand/ros2_ws/install/camera_processing/lib/python3.10/site-packages/camera_processing/image_conversion_node.py
/home/citc-26/Desktop/anand/ros2_ws/install/camera_processing/lib/python3.10/site-packages/camera_processing/dummy_usb_cam_node.py
/home/citc-26/Desktop/anand/ros2_ws/install/camera_processing/lib/python3.10/site-packages/camera_processing/__pycache__/__init__.cpython-310.pyc
/home/citc-26/Desktop/anand/ros2_ws/install/camera_processing/lib/python3.10/site-packages/camera_processing/__pycache__/utilities.cpython-310.pyc
/home/citc-26/Desktop/anand/ros2_ws/install/camera_processing/lib/python3.10/site-packages/camera_processing/__pycache__/image_conversion_node.cpython-310.pyc
/home/citc-26/Desktop/anand/ros2_ws/install/camera_processing/lib/python3.10/site-packages/camera_processing/__pycache__/dummy_usb_cam_node.cpython-310.pyc
/home/citc-26/Desktop/anand/ros2_ws/install/camera_processing/share/ament_index/resource_index/packages/camera_processing
/home/citc-26/Desktop/anand/ros2_ws/install/camera_processing/share/camera_processing/package.xml
/home/citc-26/Desktop/anand/ros2_ws/install/camera_processing/share/camera_processing/launch/test.launch.py
/home/citc-26/Desktop/anand/ros2_ws/install/camera_processing/share/camera_processing/launch/camera_processing.launch.py
/home/citc-26/Desktop/anand/ros2_ws/install/camera_processing/share/camera_processing/resources
/home/citc-26/Desktop/anand/ros2_ws/install/camera_processing/lib/python3.10/site-packages/camera_processing-0.0.0-py3.10.egg-info/top_level.txt
/home/citc-26/Desktop/anand/ros2_ws/install/camera_processing/lib/python3.10/site-packages/camera_processing-0.0.0-py3.10.egg-info/PKG-INFO
/home/citc-26/Desktop/anand/ros2_ws/install/camera_processing/lib/python3.10/site-packages/camera_processing-0.0.0-py3.10.egg-info/dependency_links.txt
/home/citc-26/Desktop/anand/ros2_ws/install/camera_processing/lib/python3.10/site-packages/camera_processing-0.0.0-py3.10.egg-info/zip-safe
/home/citc-26/Desktop/anand/ros2_ws/install/camera_processing/lib/python3.10/site-packages/camera_processing-0.0.0-py3.10.egg-info/entry_points.txt
/home/citc-26/Desktop/anand/ros2_ws/install/camera_processing/lib/python3.10/site-packages/camera_processing-0.0.0-py3.10.egg-info/requires.txt
/home/citc-26/Desktop/anand/ros2_ws/install/camera_processing/lib/python3.10/site-packages/camera_processing-0.0.0-py3.10.egg-info/SOURCES.txt
/home/citc-26/Desktop/anand/ros2_ws/install/camera_processing/lib/camera_processing/dummy_usb_cam
/home/citc-26/Desktop/anand/ros2_ws/install/camera_processing/lib/camera_processing/image_conversion
