/home/citc-26/.local/lib/python3.10/site-packages/setuptools/_distutils/dist.py:289: UserWarning: Unknown distribution option: 'tests_require'
  warnings.warn(msg)
running egg_info
writing ../../build/camera_processing/camera_processing.egg-info/PKG-INFO
writing dependency_links to ../../build/camera_processing/camera_processing.egg-info/dependency_links.txt
writing entry points to ../../build/camera_processing/camera_processing.egg-info/entry_points.txt
writing requirements to ../../build/camera_processing/camera_processing.egg-info/requires.txt
writing top-level names to ../../build/camera_processing/camera_processing.egg-info/top_level.txt
reading manifest file '../../build/camera_processing/camera_processing.egg-info/SOURCES.txt'
writing manifest file '../../build/camera_processing/camera_processing.egg-info/SOURCES.txt'
running build
running build_py
running install
running install_lib
running install_data
creating /home/citc-26/Desktop/anand/ros2_ws/install/camera_processing/share/camera_processing/resources
running install_egg_info
removing '/home/citc-26/Desktop/anand/ros2_ws/install/camera_processing/lib/python3.10/site-packages/camera_processing-0.0.0-py3.10.egg-info' (and everything under it)
Copying ../../build/camera_processing/camera_processing.egg-info to /home/citc-26/Desktop/anand/ros2_ws/install/camera_processing/lib/python3.10/site-packages/camera_processing-0.0.0-py3.10.egg-info
running install_scripts
Installing dummy_usb_cam script to /home/citc-26/Desktop/anand/ros2_ws/install/camera_processing/lib/camera_processing
Installing image_conversion script to /home/citc-26/Desktop/anand/ros2_ws/install/camera_processing/lib/camera_processing
writing list of installed files to '/home/citc-26/Desktop/anand/ros2_ws/build/camera_processing/install.log'
